<?xml version="1.0" encoding="UTF-8"?>
<testsuite xmlns:xsi="http://www.w3.org/2001/XMLSchema-instance" xsi:noNamespaceSchemaLocation="https://maven.apache.org/surefire/maven-surefire-plugin/xsd/surefire-test-report-3.0.xsd" version="3.0" name="com.github.nonfou.mpay.service.OrderMatchServiceTest" time="0.054" tests="6" errors="0" skipped="0" failures="0">
  <properties>
[...]
</properties>
  <testcase name="matchPayment_shouldThrowException_whenNoPendingOrders" classname="com.github.nonfou.mpay.service.OrderMatchServiceTest" time="0.017"/>
  <testcase name="matchPayment_shouldMatchOldestOrder_whenMultipleSamePriceOrders" classname="com.github.nonfou.mpay.service.OrderMatchServiceTest" time="0.01">
    <system-out><![CDATA[16:53:31.168 [main] INFO com.github.nonfou.mpay.service.impl.OrderMatchServiceImpl -- order H001 matched by record MatchRequest(pid=1001, aid=1, channel=null, payway=wxpay, price=100.01, platformOrder=PLT123456)
]]></system-out>
  </testcase>
  <testcase name="matchPayment_shouldMatchExactPrice_withDoublePrecision" classname="com.github.nonfou.mpay.service.OrderMatchServiceTest" time="0.01">
    <system-out><![CDATA[16:53:31.183 [main] INFO com.github.nonfou.mpay.service.impl.OrderMatchServiceImpl -- order H002 matched by record MatchRequest(pid=1001, aid=1, channel=null, payway=wxpay, price=99.99, platformOrder=PLT123456)
]]></system-out>
  </testcase>
  <testcase name="matchPayment_shouldThrowException_whenNoMatchingOrder" classname="com.github.nonfou.mpay.service.OrderMatchServiceTest" time="0.004"/>
  <testcase name="matchPayment_shouldSetPlatformOrder_whenMatched" classname="com.github.nonfou.mpay.service.OrderMatchServiceTest" time="0.003">
    <system-out><![CDATA[16:53:31.196 [main] INFO com.github.nonfou.mpay.service.impl.OrderMatchServiceImpl -- order H001 matched by record MatchRequest(pid=1001, aid=1, channel=null, payway=wxpay, price=100.01, platformOrder=WX202411250001)
]]></system-out>
  </testcase>
  <testcase name="matchPayment_shouldSucceed_whenPriceMatches" classname="com.github.nonfou.mpay.service.OrderMatchServiceTest" time="0.003">
    <system-out><![CDATA[16:53:31.199 [main] INFO com.github.nonfou.mpay.service.impl.OrderMatchServiceImpl -- order H001 matched by record MatchRequest(pid=1001, aid=1, channel=null, payway=wxpay, price=100.01, platformOrder=PLT123456)
]]></system-out>
  </testcase>
</testsuite>